<?xml version="1.0" encoding="UTF-8"?>
<testsuite name="Hijra Test" tests="15" skipped="0" failures="0" errors="0" timestamp="2022-08-29T04:26:07" hostname="DESKTOP-3A1ESU7" time="11.228">
  <properties/>
  <testcase name="user skip pop up banner" classname="Hijra Test" time="0.212"/>
  <testcase name="user type on search bar &quot;komputer&quot;" classname="Hijra Test" time="2.11"/>
  <testcase name="user choose best product" classname="Hijra Test" time="0.191"/>
  <testcase name="user choose the first product" classname="Hijra Test" time="4.169"/>
  <testcase name="user can see the details of product" classname="Hijra Test" time="0.106"/>
  <testcase name="user add item &quot;3&quot;" classname="Hijra Test" time="0.225"/>
  <testcase name="user choose add to cart" classname="Hijra Test" time="0.11"/>
  <testcase name="user choose ya on confirmation page" classname="Hijra Test" time="1.816"/>
  <testcase name="user can see the details of cart" classname="Hijra Test" time="0.098"/>
  <testcase name="user choose change kurir" classname="Hijra Test" time="0.119"/>
  <testcase name="user choose cancel" classname="Hijra Test" time="0.341"/>
  <testcase name="user choose delete product" classname="Hijra Test" time="0.149"/>
  <testcase name="user choose ok delete" classname="Hijra Test" time="0.111"/>
  <testcase name="user can see empty product on the shopping cart" classname="Hijra Test" time="0.707"/>
  <testcase name="classMethod" classname="Hijra Test" time="18.348"/>
  <system-out><![CDATA[
@Web @Elevania
Scenario Outline: Hijra Test                           ?[90m# src/test/resources/features/elevania.feature:23?[0m
]]></system-out>
  <system-err><![CDATA[Starting ChromeDriver 103.0.5060.53 (a1711811edd74ff1cf2150f36ffa3b0dae40b17f-refs/branch-heads/5060@{#853}) on port 16073
Only local connections are allowed.
Please see https://chromedriver.chromium.org/security-considerations for suggestions on keeping ChromeDriver safe.
ChromeDriver was started successfully.
[1661747162.690][WARNING]: This version of ChromeDriver has not been tested with Chrome version 104.
Aug 29, 2022 11:26:03 AM org.openqa.selenium.remote.ProtocolHandshake createSession
INFO: Detected dialect: W3C
]]></system-err>
</testsuite>
